<?xml version="1.0" encoding="utf-8"?>
<TestRun id="f92d1cfc-495c-42a3-be76-b641cb2805e8" name="guido@LAPTOP-0QIS6PAV 2026-03-24 23:03:28" runUser="LAPTOP-0QIS6PAV\guido" xmlns="http://microsoft.com/schemas/VisualStudio/TeamTest/2010">
  <Times creation="2026-03-24T23:03:28.7533107+01:00" queuing="2026-03-24T23:03:28.7533112+01:00" start="2026-03-24T23:03:18.2071487+01:00" finish="2026-03-24T23:03:28.7983073+01:00" />
  <TestSettings name="default" id="3346a15a-cfe8-4d2c-bf1a-61cd6f03ccaf">
    <Deployment runDeploymentRoot="guido_LAPTOP-0QIS6PAV_2026-03-24_23_03_28" />
  </TestSettings>
  <Results>
    <UnitTestResult executionId="31b6c0da-666a-4bed-9d15-4b5660481275" testId="0477b6c5-2abb-38e1-5514-5202807afe41" testName="Login_With_StandardUser_Succeeds" computerName="LAPTOP-0QIS6PAV" duration="00:00:08.2196810" startTime="2026-03-24T23:03:20.2377591+01:00" endTime="2026-03-24T23:03:28.4572766+01:00" testType="13cdc9d9-ddb5-4fa4-a97d-d965ccfc6d4b" outcome="Failed" testListId="8c84fa94-04c1-424b-9868-57a2d4851a1d" relativeResultsDirectory="31b6c0da-666a-4bed-9d15-4b5660481275">
      <Output>
        <ErrorInfo>
          <Message>System.InvalidOperationException : session not created: This version of ChromeDriver only supports Chrome version 124&#xD;
Current browser version is 146.0.7680.154 with binary path C:\Program Files\Google\Chrome\Application\chrome.exe (SessionNotCreated)&#xD;
TearDown : System.NullReferenceException : Object reference not set to an instance of an object.</Message>
          <StackTrace>   at OpenQA.Selenium.WebDriver.UnpackAndThrowOnError(Response errorResponse, String commandToExecute)&#xD;
   at OpenQA.Selenium.WebDriver.Execute(String driverCommandToExecute, Dictionary`2 parameters)&#xD;
   at OpenQA.Selenium.WebDriver.StartSession(ICapabilities capabilities)&#xD;
   at OpenQA.Selenium.WebDriver..ctor(ICommandExecutor executor, ICapabilities capabilities)&#xD;
   at OpenQA.Selenium.Chromium.ChromiumDriver..ctor(ChromiumDriverService service, ChromiumOptions options, TimeSpan commandTimeout)&#xD;
   at OpenQA.Selenium.Chrome.ChromeDriver..ctor(ChromeDriverService service, ChromeOptions options, TimeSpan commandTimeout)&#xD;
   at OpenQA.Selenium.Chrome.ChromeDriver..ctor(ChromeOptions options)&#xD;
   at OpenQA.Selenium.Chrome.ChromeDriver..ctor()&#xD;
   at E2ETests.SauceDemoLoginTests.Setup() in C:\reposClaude\guido-autonomous-runtime\tests\e2e\SauceDemoLoginTests.cs:line 14&#xD;
   at System.RuntimeMethodHandle.InvokeMethod(Object target, Void** arguments, Signature sig, Boolean isConstructor)&#xD;
   at System.Reflection.MethodBaseInvoker.InvokeWithNoArgs(Object obj, BindingFlags invokeAttr)&#xD;
--TearDown&#xD;
   at E2ETests.SauceDemoLoginTests.TearDown() in C:\reposClaude\guido-autonomous-runtime\tests\e2e\SauceDemoLoginTests.cs:line 30&#xD;
   at System.RuntimeMethodHandle.InvokeMethod(Object target, Void** arguments, Signature sig, Boolean isConstructor)&#xD;
   at System.Reflection.MethodBaseInvoker.InvokeWithNoArgs(Object obj, BindingFlags invokeAttr)
</StackTrace>
        </ErrorInfo>
      </Output>
    </UnitTestResult>
  </Results>
  <TestDefinitions>
    <UnitTest name="Login_With_StandardUser_Succeeds" storage="c:\reposclaude\guido-autonomous-runtime\tests\e2e\bin\debug\net8.0\e2etests.dll" id="0477b6c5-2abb-38e1-5514-5202807afe41">
      <Execution id="31b6c0da-666a-4bed-9d15-4b5660481275" />
      <TestMethod codeBase="C:\reposClaude\guido-autonomous-runtime\tests\e2e\bin\Debug\net8.0\E2ETests.dll" adapterTypeName="executor://nunit3testexecutor/" className="E2ETests.SauceDemoLoginTests" name="Login_With_StandardUser_Succeeds" />
    </UnitTest>
  </TestDefinitions>
  <TestEntries>
    <TestEntry testId="0477b6c5-2abb-38e1-5514-5202807afe41" executionId="31b6c0da-666a-4bed-9d15-4b5660481275" testListId="8c84fa94-04c1-424b-9868-57a2d4851a1d" />
  </TestEntries>
  <TestLists>
    <TestList name="Resultados sin formato de lista" id="8c84fa94-04c1-424b-9868-57a2d4851a1d" />
    <TestList name="Todos los resultados cargados" id="19431567-8539-422a-85d7-44ee4e166bda" />
  </TestLists>
  <ResultSummary outcome="Failed">
    <Counters total="1" executed="1" passed="0" failed="1" error="0" timeout="0" aborted="0" inconclusive="0" passedButRunAborted="0" notRunnable="0" notExecuted="0" disconnected="0" warning="0" completed="0" inProgress="0" pending="0" />
    <Output>
      <StdOut>NUnit Adapter 4.5.0.0: Test execution started&#xD;
Running all tests in C:\reposClaude\guido-autonomous-runtime\tests\e2e\bin\Debug\net8.0\E2ETests.dll&#xD;
   NUnit3TestExecutor discovered 1 of 1 NUnit test cases using Current Discovery mode, Non-Explicit run&#xD;
Starting ChromeDriver 124.0.6367.60 (8771130bd84f76d855ae42fbe02752b03e352f17-refs/branch-heads/6367@{#798}) on port 53737&#xD;
Only local connections are allowed.&#xD;
Please see https://chromedriver.chromium.org/security-considerations for suggestions on keeping ChromeDriver safe.&#xD;
ChromeDriver was started successfully.&#xD;
NUnit Adapter 4.5.0.0: Test execution complete&#xD;
</StdOut>
    </Output>
  </ResultSummary>
</TestRun>